c:\users\luckystrike\documents\github_projects\grafiii\trunk\myengine1.0\debug\vc140.pdb
c:\users\luckystrike\documents\github_projects\grafiii\trunk\myengine1.0\debug\vc140.idb
c:\users\luckystrike\documents\github_projects\grafiii\trunk\myengine1.0\debug\cube.obj
c:\users\luckystrike\documents\github_projects\grafiii\trunk\myengine1.0\debug\engine.obj
c:\users\luckystrike\documents\github_projects\grafiii\trunk\myengine1.0\debug\entity.obj
c:\users\luckystrike\documents\github_projects\grafiii\trunk\myengine1.0\debug\frustum.obj
c:\users\luckystrike\documents\github_projects\grafiii\trunk\myengine1.0\debug\game.obj
c:\users\luckystrike\documents\github_projects\grafiii\trunk\myengine1.0\debug\importer.obj
c:\users\luckystrike\documents\github_projects\grafiii\trunk\myengine1.0\debug\indexbuffer.obj
c:\users\luckystrike\documents\github_projects\grafiii\trunk\myengine1.0\debug\directinput.obj
c:\users\luckystrike\documents\github_projects\grafiii\trunk\myengine1.0\debug\input.obj
c:\users\luckystrike\documents\github_projects\grafiii\trunk\myengine1.0\debug\mesh.obj
c:\users\luckystrike\documents\github_projects\grafiii\trunk\myengine1.0\debug\node.obj
c:\users\luckystrike\documents\github_projects\grafiii\trunk\myengine1.0\debug\nodebsp.obj
c:\users\luckystrike\documents\github_projects\grafiii\trunk\myengine1.0\debug\rendertypes.obj
c:\users\luckystrike\documents\github_projects\grafiii\trunk\myengine1.0\debug\scene.obj
c:\users\luckystrike\documents\github_projects\grafiii\trunk\myengine1.0\debug\timer.obj
c:\users\luckystrike\documents\github_projects\grafiii\trunk\myengine1.0\debug\tinyxml2.obj
c:\users\luckystrike\documents\github_projects\grafiii\trunk\myengine1.0\debug\vertexbuffer.obj
c:\users\luckystrike\documents\github_projects\grafiii\trunk\myengine1.0\debug\window.obj
c:\users\luckystrike\documents\github_projects\grafiii\trunk\myengine1.0\debug\renderer.obj
c:\users\luckystrike\documents\github_projects\grafiii\trunk\myengine1.0\debug\xmlparser.obj
c:\users\luckystrike\documents\github_projects\grafiii\trunk\myengine1.0\debug\animation.obj
c:\users\luckystrike\documents\github_projects\grafiii\trunk\myengine1.0\debug\bone.obj
c:\users\luckystrike\documents\github_projects\grafiii\trunk\myengine1.0\debug\camera.obj
c:\users\luckystrike\documents\github_projects\grafiii\trunk\debug\myengine1.0.ilk
c:\users\luckystrike\documents\github_projects\grafiii\trunk\debug\myengine1.0.dll
c:\users\luckystrike\documents\github_projects\grafiii\trunk\debug\myengine1.0.pdb
c:\users\luckystrike\documents\github_projects\grafiii\trunk\debug\myengine1.0.lib
c:\users\luckystrike\documents\github_projects\grafiii\trunk\debug\myengine1.0.exp
c:\users\luckystrike\documents\github_projects\grafiii\trunk\myengine1.0\debug\myengine1.0.res
c:\users\luckystrike\documents\github_projects\grafiii\trunk\myengine1.0\debug\myengine1.0.tlog\cl.command.1.tlog
c:\users\luckystrike\documents\github_projects\grafiii\trunk\myengine1.0\debug\myengine1.0.tlog\cl.read.1.tlog
c:\users\luckystrike\documents\github_projects\grafiii\trunk\myengine1.0\debug\myengine1.0.tlog\cl.write.1.tlog
c:\users\luckystrike\documents\github_projects\grafiii\trunk\myengine1.0\debug\myengine1.0.tlog\link.command.1.tlog
c:\users\luckystrike\documents\github_projects\grafiii\trunk\myengine1.0\debug\myengine1.0.tlog\link.read.1.tlog
c:\users\luckystrike\documents\github_projects\grafiii\trunk\myengine1.0\debug\myengine1.0.tlog\link.write.1.tlog
c:\users\luckystrike\documents\github_projects\grafiii\trunk\myengine1.0\debug\myengine1.0.tlog\myengine1.0.write.1u.tlog
c:\users\luckystrike\documents\github_projects\grafiii\trunk\myengine1.0\debug\myengine1.0.tlog\rc.command.1.tlog
c:\users\luckystrike\documents\github_projects\grafiii\trunk\myengine1.0\debug\myengine1.0.tlog\rc.read.1.tlog
c:\users\luckystrike\documents\github_projects\grafiii\trunk\myengine1.0\debug\myengine1.0.tlog\rc.write.1.tlog
